This file contains any messages produced by compilers while
running configure, to aid debugging if configure makes a mistake.

It was created by yaml configure 0.1.7, which was
generated by GNU Autoconf 2.69.  Invocation command line was

  $ ./configure 

## --------- ##
## Platform. ##
## --------- ##

hostname = Watson.local
uname -m = x86_64
uname -r = 16.1.0
uname -s = Darwin
uname -v = Darwin Kernel Version 16.1.0: Thu Oct 13 21:26:57 PDT 2016; root:xnu-3789.21.3~60/RELEASE_X86_64

/usr/bin/uname -p = i386
/bin/uname -X     = unknown

/bin/arch              = unknown
/usr/bin/arch -k       = unknown
/usr/convex/getsysinfo = unknown
/usr/bin/hostinfo      = Mach kernel version:
	 Darwin Kernel Version 16.1.0: Thu Oct 13 21:26:57 PDT 2016; root:xnu-3789.21.3~60/RELEASE_X86_64
Kernel configured for up to 8 processors.
4 processors are physically available.
8 processors are logically available.
Processor type: x86_64h (Intel x86-64h Haswell)
Processors active: 0 1 2 3 4 5 6 7
Primary memory available: 16.00 gigabytes
Default processor set: 303 tasks, 1272 threads, 8 processors
Load average: 1.10, Mach factor: 6.89
/bin/machine           = unknown
/usr/bin/oslevel       = unknown
/bin/universe          = unknown

PATH: /Users/watson/.rbenv/shims
PATH: /Users/watson/bin
PATH: /Users/watson/.rbenv/bin
PATH: /Users/watson/.rbenv/shims
PATH: /usr/local/bin
PATH: /usr/bin
PATH: /bin
PATH: /usr/sbin
PATH: /sbin
PATH: ~/.rubymotion-android/sdk/tools/
PATH: /opt/llvm/osx/bin/


## ----------- ##
## Core tests. ##
## ----------- ##

configure:2311: checking for a BSD-compatible install
configure:2379: result: /usr/bin/install -c
configure:2390: checking whether build environment is sane
configure:2445: result: yes
configure:2596: checking for a thread-safe mkdir -p
configure:2635: result: config/install-sh -c -d
configure:2642: checking for gawk
configure:2672: result: no
configure:2642: checking for mawk
configure:2672: result: no
configure:2642: checking for nawk
configure:2672: result: no
configure:2642: checking for awk
configure:2658: found /usr/bin/awk
configure:2669: result: awk
configure:2680: checking whether make sets $(MAKE)
configure:2702: result: yes
configure:2731: checking whether make supports nested variables
configure:2748: result: yes
configure:2949: checking for gcc
configure:2965: found /usr/bin/gcc
configure:2976: result: gcc
configure:3205: checking for C compiler version
configure:3214: gcc --version >&5
Apple LLVM version 8.0.0 (clang-800.0.42.1)
Target: x86_64-apple-darwin16.1.0
Thread model: posix
InstalledDir: /Applications/Xcode.app/Contents/Developer/Toolchains/XcodeDefault.xctoolchain/usr/bin
Configured with: --prefix=/Applications/Xcode.app/Contents/Developer/usr --with-gxx-include-dir=/usr/include/c++/4.2.1
configure:3225: $? = 0
configure:3214: gcc -v >&5
Configured with: --prefix=/Applications/Xcode.app/Contents/Developer/usr --with-gxx-include-dir=/usr/include/c++/4.2.1
Apple LLVM version 8.0.0 (clang-800.0.42.1)
Target: x86_64-apple-darwin16.1.0
Thread model: posix
InstalledDir: /Applications/Xcode.app/Contents/Developer/Toolchains/XcodeDefault.xctoolchain/usr/bin
configure:3225: $? = 0
configure:3214: gcc -V >&5
clang: error: argument to '-V' is missing (expected 1 value)
clang: error: no input files
configure:3225: $? = 1
configure:3214: gcc -qversion >&5
clang: error: unknown argument: '-qversion'
clang: error: no input files
configure:3225: $? = 1
configure:3245: checking whether the C compiler works
configure:3267: gcc    conftest.c  >&5
configure:3271: $? = 0
configure:3319: result: yes
configure:3322: checking for C compiler default output file name
configure:3324: result: a.out
configure:3330: checking for suffix of executables
configure:3337: gcc -o conftest    conftest.c  >&5
configure:3341: $? = 0
configure:3363: result: 
configure:3385: checking whether we are cross compiling
configure:3393: gcc -o conftest    conftest.c  >&5
configure:3397: $? = 0
configure:3404: ./conftest
configure:3408: $? = 0
configure:3423: result: no
configure:3428: checking for suffix of object files
configure:3450: gcc -c   conftest.c >&5
configure:3454: $? = 0
configure:3475: result: o
configure:3479: checking whether we are using the GNU C compiler
configure:3498: gcc -c   conftest.c >&5
configure:3498: $? = 0
configure:3507: result: yes
configure:3516: checking whether gcc accepts -g
configure:3536: gcc -c -g  conftest.c >&5
configure:3536: $? = 0
configure:3577: result: yes
configure:3594: checking for gcc option to accept ISO C89
configure:3657: gcc  -c -g -O2  conftest.c >&5
configure:3657: $? = 0
configure:3670: result: none needed
configure:3695: checking whether gcc understands -c and -o together
configure:3717: gcc -c conftest.c -o conftest2.o
configure:3720: $? = 0
configure:3717: gcc -c conftest.c -o conftest2.o
configure:3720: $? = 0
configure:3732: result: yes
configure:3760: checking for style of include used by make
configure:3788: result: GNU
configure:3814: checking dependency style of gcc
configure:3925: result: gcc3
configure:3945: checking how to run the C preprocessor
configure:3976: gcc -E  conftest.c
configure:3976: $? = 0
configure:3990: gcc -E  conftest.c
conftest.c:15:10: fatal error: 'ac_nonexistent.h' file not found
#include <ac_nonexistent.h>
         ^
1 error generated.
configure:3990: $? = 1
configure: failed program was:
| /* confdefs.h */
| #define PACKAGE_NAME "yaml"
| #define PACKAGE_TARNAME "yaml"
| #define PACKAGE_VERSION "0.1.7"
| #define PACKAGE_STRING "yaml 0.1.7"
| #define PACKAGE_BUGREPORT "https://bitbucket.org/xi/libyaml/issues/new"
| #define PACKAGE_URL ""
| #define PACKAGE "yaml"
| #define VERSION "0.1.7"
| #define YAML_VERSION_MAJOR 0
| #define YAML_VERSION_MINOR 1
| #define YAML_VERSION_PATCH 7
| #define YAML_VERSION_STRING "0.1.7"
| /* end confdefs.h.  */
| #include <ac_nonexistent.h>
configure:4015: result: gcc -E
configure:4035: gcc -E  conftest.c
configure:4035: $? = 0
configure:4049: gcc -E  conftest.c
conftest.c:15:10: fatal error: 'ac_nonexistent.h' file not found
#include <ac_nonexistent.h>
         ^
1 error generated.
configure:4049: $? = 1
configure: failed program was:
| /* confdefs.h */
| #define PACKAGE_NAME "yaml"
| #define PACKAGE_TARNAME "yaml"
| #define PACKAGE_VERSION "0.1.7"
| #define PACKAGE_STRING "yaml 0.1.7"
| #define PACKAGE_BUGREPORT "https://bitbucket.org/xi/libyaml/issues/new"
| #define PACKAGE_URL ""
| #define PACKAGE "yaml"
| #define VERSION "0.1.7"
| #define YAML_VERSION_MAJOR 0
| #define YAML_VERSION_MINOR 1
| #define YAML_VERSION_PATCH 7
| #define YAML_VERSION_STRING "0.1.7"
| /* end confdefs.h.  */
| #include <ac_nonexistent.h>
configure:4078: checking whether ln -s works
configure:4082: result: yes
configure:4089: checking whether make sets $(MAKE)
configure:4111: result: yes
configure:4149: checking build system type
configure:4163: result: x86_64-apple-darwin16.1.0
configure:4183: checking host system type
configure:4196: result: x86_64-apple-darwin16.1.0
configure:4237: checking how to print strings
configure:4264: result: printf
configure:4285: checking for a sed that does not truncate output
configure:4349: result: /usr/bin/sed
configure:4367: checking for grep that handles long lines and -e
configure:4425: result: /usr/bin/grep
configure:4430: checking for egrep
configure:4492: result: /usr/bin/grep -E
configure:4497: checking for fgrep
configure:4559: result: /usr/bin/grep -F
configure:4594: checking for ld used by gcc
configure:4661: result: /Applications/Xcode.app/Contents/Developer/Toolchains/XcodeDefault.xctoolchain/usr/bin/ld
configure:4668: checking if the linker (/Applications/Xcode.app/Contents/Developer/Toolchains/XcodeDefault.xctoolchain/usr/bin/ld) is GNU ld
configure:4683: result: no
configure:4695: checking for BSD- or MS-compatible name lister (nm)
configure:4744: result: /usr/bin/nm -B
configure:4874: checking the name lister (/usr/bin/nm -B) interface
configure:4881: gcc -c -g -O2  conftest.c >&5
configure:4884: /usr/bin/nm -B "conftest.o"
configure:4887: output
0000000000000204 S _some_variable
configure:4894: result: BSD nm
configure:4898: checking the maximum length of command line arguments
configure:5029: result: 196608
configure:5046: checking whether the shell understands some XSI constructs
configure:5056: result: yes
configure:5060: checking whether the shell understands "+="
configure:5066: result: yes
configure:5101: checking how to convert x86_64-apple-darwin16.1.0 file names to x86_64-apple-darwin16.1.0 format
configure:5141: result: func_convert_file_noop
configure:5148: checking how to convert x86_64-apple-darwin16.1.0 file names to toolchain format
configure:5168: result: func_convert_file_noop
configure:5175: checking for /Applications/Xcode.app/Contents/Developer/Toolchains/XcodeDefault.xctoolchain/usr/bin/ld option to reload object files
configure:5182: result: -r
configure:5256: checking for objdump
configure:5272: found /usr/bin/objdump
configure:5283: result: objdump
configure:5315: checking how to recognize dependent libraries
configure:5513: result: pass_all
configure:5598: checking for dlltool
configure:5628: result: no
configure:5658: checking how to associate runtime and link libraries
configure:5685: result: printf %s\n
configure:5746: checking for ar
configure:5762: found /usr/bin/ar
configure:5773: result: ar
configure:5810: checking for archiver @FILE support
configure:5827: gcc -c -g -O2  conftest.c >&5
configure:5827: $? = 0
configure:5830: ar cru libconftest.a @conftest.lst >&5
ar: @conftest.lst: No such file or directory
configure:5833: $? = 1
configure:5853: result: no
configure:5911: checking for strip
configure:5927: found /usr/bin/strip
configure:5938: result: strip
configure:6010: checking for ranlib
configure:6026: found /usr/bin/ranlib
configure:6037: result: ranlib
configure:6139: checking command to parse /usr/bin/nm -B output from gcc object
configure:6259: gcc -c -g -O2  conftest.c >&5
configure:6262: $? = 0
configure:6266: /usr/bin/nm -B conftest.o \| sed -n -e 's/^.*[ ]\([BCDEGRST][BCDEGRST]*\)[ ][ ]*\([_A-Za-z][_A-Za-z0-9]*\)$/\1 \2 \2/p' | sed '/ __gnu_lto/d' \> conftest.nm
configure:6269: $? = 0
cannot find nm_test_var in conftest.nm
configure:6259: gcc -c -g -O2  conftest.c >&5
configure:6262: $? = 0
configure:6266: /usr/bin/nm -B conftest.o \| sed -n -e 's/^.*[ ]\([BCDEGRST][BCDEGRST]*\)[ ][ ]*_\([_A-Za-z][_A-Za-z0-9]*\)$/\1 _\2 \2/p' | sed '/ __gnu_lto/d' \> conftest.nm
configure:6269: $? = 0
configure:6335: gcc -o conftest -g -O2   conftest.c conftstm.o >&5
warning: (x86_64)  could not find object file symbol for symbol _main
configure:6338: $? = 0
configure:6376: result: ok
configure:6413: checking for sysroot
configure:6443: result: no
configure:6712: checking for mt
configure:6742: result: no
configure:6762: checking if : is a manifest tool
configure:6768: : '-?'
configure:6776: result: no
configure:6832: checking for dsymutil
configure:6848: found /usr/bin/dsymutil
configure:6859: result: dsymutil
configure:6924: checking for nmedit
configure:6940: found /usr/bin/nmedit
configure:6951: result: nmedit
configure:7016: checking for lipo
configure:7032: found /usr/bin/lipo
configure:7043: result: lipo
configure:7108: checking for otool
configure:7124: found /usr/bin/otool
configure:7135: result: otool
configure:7200: checking for otool64
configure:7230: result: no
configure:7275: checking for -single_module linker flag
gcc -g -O2  -o libconftest.dylib -dynamiclib -Wl,-single_module conftest.c
configure:7308: result: yes
configure:7311: checking for -exported_symbols_list linker flag
configure:7331: gcc -o conftest -g -O2   -Wl,-exported_symbols_list,conftest.sym conftest.c  >&5
configure:7331: $? = 0
configure:7341: result: yes
configure:7344: checking for -force_load linker flag
gcc -g -O2 -c -o conftest.o conftest.c
ar cru libconftest.a conftest.o
ranlib libconftest.a
gcc -g -O2  -o conftest conftest.c -Wl,-force_load,./libconftest.a
configure:7376: result: yes
configure:7414: checking for ANSI C header files
configure:7434: gcc -c -g -O2  conftest.c >&5
configure:7434: $? = 0
configure:7507: gcc -o conftest -g -O2   conftest.c  >&5
configure:7507: $? = 0
configure:7507: ./conftest
configure:7507: $? = 0
configure:7518: result: yes
configure:7531: checking for sys/types.h
configure:7531: gcc -c -g -O2  conftest.c >&5
configure:7531: $? = 0
configure:7531: result: yes
configure:7531: checking for sys/stat.h
configure:7531: gcc -c -g -O2  conftest.c >&5
configure:7531: $? = 0
configure:7531: result: yes
configure:7531: checking for stdlib.h
configure:7531: gcc -c -g -O2  conftest.c >&5
configure:7531: $? = 0
configure:7531: result: yes
configure:7531: checking for string.h
configure:7531: gcc -c -g -O2  conftest.c >&5
configure:7531: $? = 0
configure:7531: result: yes
configure:7531: checking for memory.h
configure:7531: gcc -c -g -O2  conftest.c >&5
configure:7531: $? = 0
configure:7531: result: yes
configure:7531: checking for strings.h
configure:7531: gcc -c -g -O2  conftest.c >&5
configure:7531: $? = 0
configure:7531: result: yes
configure:7531: checking for inttypes.h
configure:7531: gcc -c -g -O2  conftest.c >&5
configure:7531: $? = 0
configure:7531: result: yes
configure:7531: checking for stdint.h
configure:7531: gcc -c -g -O2  conftest.c >&5
configure:7531: $? = 0
configure:7531: result: yes
configure:7531: checking for unistd.h
configure:7531: gcc -c -g -O2  conftest.c >&5
configure:7531: $? = 0
configure:7531: result: yes
configure:7545: checking for dlfcn.h
configure:7545: gcc -c -g -O2  conftest.c >&5
configure:7545: $? = 0
configure:7545: result: yes
configure:7751: checking for objdir
configure:7766: result: .libs
configure:8033: checking if gcc supports -fno-rtti -fno-exceptions
configure:8051: gcc -c -g -O2  -fno-rtti -fno-exceptions conftest.c >&5
configure:8055: $? = 0
configure:8068: result: yes
configure:8395: checking for gcc option to produce PIC
configure:8402: result: -fno-common -DPIC
configure:8410: checking if gcc PIC flag -fno-common -DPIC works
configure:8428: gcc -c -g -O2  -fno-common -DPIC -DPIC conftest.c >&5
configure:8432: $? = 0
configure:8445: result: yes
configure:8474: checking if gcc static flag -static works
configure:8502: result: no
configure:8517: checking if gcc supports -c -o file.o
configure:8538: gcc -c -g -O2  -o out/conftest2.o conftest.c >&5
configure:8542: $? = 0
configure:8564: result: yes
configure:8572: checking if gcc supports -c -o file.o
configure:8619: result: yes
configure:8652: checking whether the gcc linker (/Applications/Xcode.app/Contents/Developer/Toolchains/XcodeDefault.xctoolchain/usr/bin/ld) supports shared libraries
configure:9809: result: yes
configure:10049: checking dynamic linker characteristics
configure:10783: result: darwin16.1.0 dyld
configure:10890: checking how to hardcode library paths into programs
configure:10915: result: immediate
configure:11455: checking whether stripping libraries is possible
configure:11469: result: yes
configure:11495: checking if libtool supports shared libraries
configure:11497: result: yes
configure:11500: checking whether to build shared libraries
configure:11521: result: yes
configure:11524: checking whether to build static libraries
configure:11528: result: yes
configure:11568: checking for doxygen
configure:11596: result: false
configure:11614: checking for ANSI C header files
configure:11718: result: yes
configure:11728: checking for stdlib.h
configure:11728: result: yes
configure:11740: checking for an ANSI C-conforming const
configure:11806: gcc -c -g -O2  conftest.c >&5
configure:11806: $? = 0
configure:11813: result: yes
configure:11821: checking for size_t
configure:11821: gcc -c -g -O2  conftest.c >&5
configure:11821: $? = 0
configure:11821: gcc -c -g -O2  conftest.c >&5
conftest.c:65:21: error: expected expression
if (sizeof ((size_t)))
                    ^
1 error generated.
configure:11821: $? = 1
configure: failed program was:
| /* confdefs.h */
| #define PACKAGE_NAME "yaml"
| #define PACKAGE_TARNAME "yaml"
| #define PACKAGE_VERSION "0.1.7"
| #define PACKAGE_STRING "yaml 0.1.7"
| #define PACKAGE_BUGREPORT "https://bitbucket.org/xi/libyaml/issues/new"
| #define PACKAGE_URL ""
| #define PACKAGE "yaml"
| #define VERSION "0.1.7"
| #define YAML_VERSION_MAJOR 0
| #define YAML_VERSION_MINOR 1
| #define YAML_VERSION_PATCH 7
| #define YAML_VERSION_STRING "0.1.7"
| #define STDC_HEADERS 1
| #define HAVE_SYS_TYPES_H 1
| #define HAVE_SYS_STAT_H 1
| #define HAVE_STDLIB_H 1
| #define HAVE_STRING_H 1
| #define HAVE_MEMORY_H 1
| #define HAVE_STRINGS_H 1
| #define HAVE_INTTYPES_H 1
| #define HAVE_STDINT_H 1
| #define HAVE_UNISTD_H 1
| #define HAVE_DLFCN_H 1
| #define LT_OBJDIR ".libs/"
| #define STDC_HEADERS 1
| #define HAVE_STDLIB_H 1
| /* end confdefs.h.  */
| #include <stdio.h>
| #ifdef HAVE_SYS_TYPES_H
| # include <sys/types.h>
| #endif
| #ifdef HAVE_SYS_STAT_H
| # include <sys/stat.h>
| #endif
| #ifdef STDC_HEADERS
| # include <stdlib.h>
| # include <stddef.h>
| #else
| # ifdef HAVE_STDLIB_H
| #  include <stdlib.h>
| # endif
| #endif
| #ifdef HAVE_STRING_H
| # if !defined STDC_HEADERS && defined HAVE_MEMORY_H
| #  include <memory.h>
| # endif
| # include <string.h>
| #endif
| #ifdef HAVE_STRINGS_H
| # include <strings.h>
| #endif
| #ifdef HAVE_INTTYPES_H
| # include <inttypes.h>
| #endif
| #ifdef HAVE_STDINT_H
| # include <stdint.h>
| #endif
| #ifdef HAVE_UNISTD_H
| # include <unistd.h>
| #endif
| int
| main ()
| {
| if (sizeof ((size_t)))
| 	    return 0;
|   ;
|   return 0;
| }
configure:11821: result: yes
configure:11947: checking that generated files are newer than configure
configure:11953: result: done
configure:11980: creating ./config.status

## ---------------------- ##
## Running config.status. ##
## ---------------------- ##

This file was extended by yaml config.status 0.1.7, which was
generated by GNU Autoconf 2.69.  Invocation command line was

  CONFIG_FILES    = 
  CONFIG_HEADERS  = 
  CONFIG_LINKS    = 
  CONFIG_COMMANDS = 
  $ ./config.status 

on Watson.local

config.status:1095: creating yaml-0.1.pc
config.status:1095: creating include/Makefile
config.status:1095: creating src/Makefile
config.status:1095: creating Makefile
config.status:1095: creating tests/Makefile
config.status:1095: creating win32/Makefile
config.status:1095: creating config.h
config.status:1276: config.h is unchanged
config.status:1324: executing depfiles commands
config.status:1324: executing libtool commands

## ---------------- ##
## Cache variables. ##
## ---------------- ##

ac_cv_build=x86_64-apple-darwin16.1.0
ac_cv_c_compiler_gnu=yes
ac_cv_c_const=yes
ac_cv_env_CC_set=
ac_cv_env_CC_value=
ac_cv_env_CFLAGS_set=
ac_cv_env_CFLAGS_value=
ac_cv_env_CPPFLAGS_set=
ac_cv_env_CPPFLAGS_value=
ac_cv_env_CPP_set=
ac_cv_env_CPP_value=
ac_cv_env_LDFLAGS_set=
ac_cv_env_LDFLAGS_value=
ac_cv_env_LIBS_set=
ac_cv_env_LIBS_value=
ac_cv_env_build_alias_set=
ac_cv_env_build_alias_value=
ac_cv_env_host_alias_set=
ac_cv_env_host_alias_value=
ac_cv_env_target_alias_set=
ac_cv_env_target_alias_value=
ac_cv_header_dlfcn_h=yes
ac_cv_header_inttypes_h=yes
ac_cv_header_memory_h=yes
ac_cv_header_stdc=yes
ac_cv_header_stdint_h=yes
ac_cv_header_stdlib_h=yes
ac_cv_header_string_h=yes
ac_cv_header_strings_h=yes
ac_cv_header_sys_stat_h=yes
ac_cv_header_sys_types_h=yes
ac_cv_header_unistd_h=yes
ac_cv_host=x86_64-apple-darwin16.1.0
ac_cv_objext=o
ac_cv_path_EGREP='/usr/bin/grep -E'
ac_cv_path_FGREP='/usr/bin/grep -F'
ac_cv_path_GREP=/usr/bin/grep
ac_cv_path_SED=/usr/bin/sed
ac_cv_path_install='/usr/bin/install -c'
ac_cv_prog_AWK=awk
ac_cv_prog_CPP='gcc -E'
ac_cv_prog_DOXYGEN=false
ac_cv_prog_ac_ct_AR=ar
ac_cv_prog_ac_ct_CC=gcc
ac_cv_prog_ac_ct_DSYMUTIL=dsymutil
ac_cv_prog_ac_ct_LIPO=lipo
ac_cv_prog_ac_ct_NMEDIT=nmedit
ac_cv_prog_ac_ct_OBJDUMP=objdump
ac_cv_prog_ac_ct_OTOOL=otool
ac_cv_prog_ac_ct_RANLIB=ranlib
ac_cv_prog_ac_ct_STRIP=strip
ac_cv_prog_cc_c89=
ac_cv_prog_cc_g=yes
ac_cv_prog_make_make_set=yes
ac_cv_type_size_t=yes
am_cv_CC_dependencies_compiler_type=gcc3
am_cv_make_support_nested_variables=yes
am_cv_prog_cc_c_o=yes
lt_cv_apple_cc_single_mod=yes
lt_cv_ar_at_file=no
lt_cv_deplibs_check_method=pass_all
lt_cv_file_magic_cmd='$MAGIC_CMD'
lt_cv_file_magic_test_file=
lt_cv_ld_exported_symbols_list=yes
lt_cv_ld_force_load=yes
lt_cv_ld_reload_flag=-r
lt_cv_nm_interface='BSD nm'
lt_cv_objdir=.libs
lt_cv_path_LD=/Applications/Xcode.app/Contents/Developer/Toolchains/XcodeDefault.xctoolchain/usr/bin/ld
lt_cv_path_NM='/usr/bin/nm -B'
lt_cv_path_mainfest_tool=no
lt_cv_prog_compiler_c_o=yes
lt_cv_prog_compiler_pic='-fno-common -DPIC'
lt_cv_prog_compiler_pic_works=yes
lt_cv_prog_compiler_rtti_exceptions=yes
lt_cv_prog_compiler_static_works=no
lt_cv_prog_gnu_ld=no
lt_cv_sharedlib_from_linklib_cmd='printf %s\n'
lt_cv_sys_global_symbol_pipe='sed -n -e '\''s/^.*[	 ]\([BCDEGRST][BCDEGRST]*\)[	 ][	 ]*_\([_A-Za-z][_A-Za-z0-9]*\)$/\1 _\2 \2/p'\'' | sed '\''/ __gnu_lto/d'\'''
lt_cv_sys_global_symbol_to_c_name_address='sed -n -e '\''s/^: \([^ ]*\)[ ]*$/  {\"\1\", (void *) 0},/p'\'' -e '\''s/^[BCDEGRST]* \([^ ]*\) \([^ ]*\)$/  {"\2", (void *) \&\2},/p'\'''
lt_cv_sys_global_symbol_to_c_name_address_lib_prefix='sed -n -e '\''s/^: \([^ ]*\)[ ]*$/  {\"\1\", (void *) 0},/p'\'' -e '\''s/^[BCDEGRST]* \([^ ]*\) \(lib[^ ]*\)$/  {"\2", (void *) \&\2},/p'\'' -e '\''s/^[BCDEGRST]* \([^ ]*\) \([^ ]*\)$/  {"lib\2", (void *) \&\2},/p'\'''
lt_cv_sys_global_symbol_to_cdecl='sed -n -e '\''s/^T .* \(.*\)$/extern int \1();/p'\'' -e '\''s/^[BCDEGRST]* .* \(.*\)$/extern char \1;/p'\'''
lt_cv_sys_max_cmd_len=196608
lt_cv_to_host_file_cmd=func_convert_file_noop
lt_cv_to_tool_file_cmd=func_convert_file_noop

## ----------------- ##
## Output variables. ##
## ----------------- ##

ACLOCAL='${SHELL} /Users/watson/prj/motion-yaml/YAMLKit/yaml-0.1.7/config/missing aclocal-1.14'
AMDEPBACKSLASH='\'
AMDEP_FALSE='#'
AMDEP_TRUE=''
AMTAR='$${TAR-tar}'
AM_BACKSLASH='\'
AM_DEFAULT_V='$(AM_DEFAULT_VERBOSITY)'
AM_DEFAULT_VERBOSITY='1'
AM_V='$(V)'
AR='ar'
AUTOCONF='${SHELL} /Users/watson/prj/motion-yaml/YAMLKit/yaml-0.1.7/config/missing autoconf'
AUTOHEADER='${SHELL} /Users/watson/prj/motion-yaml/YAMLKit/yaml-0.1.7/config/missing autoheader'
AUTOMAKE='${SHELL} /Users/watson/prj/motion-yaml/YAMLKit/yaml-0.1.7/config/missing automake-1.14'
AWK='awk'
CC='gcc'
CCDEPMODE='depmode=gcc3'
CFLAGS='-g -O2'
CPP='gcc -E'
CPPFLAGS=''
CYGPATH_W='echo'
DEFS='-DHAVE_CONFIG_H'
DEPDIR='.deps'
DLLTOOL='false'
DOXYGEN='false'
DOXYGEN_FALSE=''
DOXYGEN_TRUE='#'
DSYMUTIL='dsymutil'
DUMPBIN=''
ECHO_C='\c'
ECHO_N=''
ECHO_T=''
EGREP='/usr/bin/grep -E'
EXEEXT=''
FGREP='/usr/bin/grep -F'
GREP='/usr/bin/grep'
INSTALL_DATA='${INSTALL} -m 644'
INSTALL_PROGRAM='${INSTALL}'
INSTALL_SCRIPT='${INSTALL}'
INSTALL_STRIP_PROGRAM='$(install_sh) -c -s'
LD='/Applications/Xcode.app/Contents/Developer/Toolchains/XcodeDefault.xctoolchain/usr/bin/ld'
LDFLAGS=''
LIBOBJS=''
LIBS=''
LIBTOOL='$(SHELL) $(top_builddir)/libtool'
LIPO='lipo'
LN_S='ln -s'
LTLIBOBJS=''
MAKEINFO='${SHELL} /Users/watson/prj/motion-yaml/YAMLKit/yaml-0.1.7/config/missing makeinfo'
MANIFEST_TOOL=':'
MKDIR_P='config/install-sh -c -d'
NM='/usr/bin/nm -B'
NMEDIT='nmedit'
OBJDUMP='objdump'
OBJEXT='o'
OTOOL64=':'
OTOOL='otool'
PACKAGE='yaml'
PACKAGE_BUGREPORT='https://bitbucket.org/xi/libyaml/issues/new'
PACKAGE_NAME='yaml'
PACKAGE_STRING='yaml 0.1.7'
PACKAGE_TARNAME='yaml'
PACKAGE_URL=''
PACKAGE_VERSION='0.1.7'
PATH_SEPARATOR=':'
RANLIB='ranlib'
SED='/usr/bin/sed'
SET_MAKE=''
SHELL='/bin/sh'
STRIP='strip'
VERSION='0.1.7'
YAML_LT_AGE='0'
YAML_LT_CURRENT='2'
YAML_LT_RELEASE='0'
YAML_LT_REVISION='5'
ac_ct_AR='ar'
ac_ct_CC='gcc'
ac_ct_DUMPBIN=''
am__EXEEXT_FALSE=''
am__EXEEXT_TRUE='#'
am__fastdepCC_FALSE='#'
am__fastdepCC_TRUE=''
am__include='include'
am__isrc=''
am__leading_dot='.'
am__nodep='_no'
am__quote=''
am__tar='$${TAR-tar} chof - "$$tardir"'
am__untar='$${TAR-tar} xf -'
bindir='${exec_prefix}/bin'
build='x86_64-apple-darwin16.1.0'
build_alias=''
build_cpu='x86_64'
build_os='darwin16.1.0'
build_vendor='apple'
datadir='${datarootdir}'
datarootdir='${prefix}/share'
docdir='${datarootdir}/doc/${PACKAGE_TARNAME}'
dvidir='${docdir}'
exec_prefix='${prefix}'
host='x86_64-apple-darwin16.1.0'
host_alias=''
host_cpu='x86_64'
host_os='darwin16.1.0'
host_vendor='apple'
htmldir='${docdir}'
includedir='${prefix}/include'
infodir='${datarootdir}/info'
install_sh='${SHELL} /Users/watson/prj/motion-yaml/YAMLKit/yaml-0.1.7/config/install-sh'
libdir='${exec_prefix}/lib'
libexecdir='${exec_prefix}/libexec'
localedir='${datarootdir}/locale'
localstatedir='${prefix}/var'
mandir='${datarootdir}/man'
mkdir_p='$(MKDIR_P)'
oldincludedir='/usr/include'
pdfdir='${docdir}'
prefix='/usr/local'
program_transform_name='s,x,x,'
psdir='${docdir}'
sbindir='${exec_prefix}/sbin'
sharedstatedir='${prefix}/com'
sysconfdir='${prefix}/etc'
target_alias=''

## ----------- ##
## confdefs.h. ##
## ----------- ##

/* confdefs.h */
#define PACKAGE_NAME "yaml"
#define PACKAGE_TARNAME "yaml"
#define PACKAGE_VERSION "0.1.7"
#define PACKAGE_STRING "yaml 0.1.7"
#define PACKAGE_BUGREPORT "https://bitbucket.org/xi/libyaml/issues/new"
#define PACKAGE_URL ""
#define PACKAGE "yaml"
#define VERSION "0.1.7"
#define YAML_VERSION_MAJOR 0
#define YAML_VERSION_MINOR 1
#define YAML_VERSION_PATCH 7
#define YAML_VERSION_STRING "0.1.7"
#define STDC_HEADERS 1
#define HAVE_SYS_TYPES_H 1
#define HAVE_SYS_STAT_H 1
#define HAVE_STDLIB_H 1
#define HAVE_STRING_H 1
#define HAVE_MEMORY_H 1
#define HAVE_STRINGS_H 1
#define HAVE_INTTYPES_H 1
#define HAVE_STDINT_H 1
#define HAVE_UNISTD_H 1
#define HAVE_DLFCN_H 1
#define LT_OBJDIR ".libs/"
#define STDC_HEADERS 1
#define HAVE_STDLIB_H 1

configure: exit 0
